#
# There is insufficient memory for the Java Runtime Environment to continue.
# Native memory allocation (mmap) failed to map 65536 bytes for Failed to commit area from 0x000002e9843b0000 to 0x000002e9843c0000 of length 65536.
# Possible reasons:
#   The system is out of physical RAM or swap space
#   The process is running with CompressedOops enabled, and the Java Heap may be blocking the growth of the native heap
# Possible solutions:
#   Reduce memory load on the system
#   Increase physical memory or swap space
#   Check if swap backing store is full
#   Decrease Java heap size (-Xmx/-Xms)
#   Decrease number of Java threads
#   Decrease Java thread stack sizes (-Xss)
#   Set larger code cache with -XX:ReservedCodeCacheSize=
# This output file may be truncated or incomplete.
#
#  Out of Memory Error (./src/hotspot/os/windows/os_windows.cpp:3521), pid=59112, tid=45304
#
# JRE version:  (11.0.12+7) (build )
# Java VM: OpenJDK 64-Bit Server VM (11.0.12+7-b1504.40, mixed mode, sharing, tiered, compressed oops, g1 gc, windows-amd64)
# No core dump will be written. Minidumps are not enabled by default on client versions of Windows
#

---------------  S U M M A R Y ------------

Command Line: git4idea.http.GitAskPassApp Username for 'https://github.com': 

Host: AMD Ryzen 7 2700X Eight-Core Processor         , 16 cores, 15G,  Windows 10 , 64 bit Build 22489 (10.0.22489.1000)
Time: Sun Nov  7 01:23:04 2021 Mitteleuropäische Zeit elapsed time: 0.028860 seconds (0d 0h 0m 0s)

---------------  T H R E A D  ---------------

Current thread (0x000002e9ea5a6800):  JavaThread "Unknown thread" [_thread_in_vm, id=45304, stack(0x000000f934700000,0x000000f934800000)]

Stack: [0x000000f934700000,0x000000f934800000]
Native frames: (J=compiled Java code, j=interpreted, Vv=VM code, C=native code)
V  [jvm.dll+0x5ff40a]
V  [jvm.dll+0x783b65]
V  [jvm.dll+0x78517d]
V  [jvm.dll+0x785833]
V  [jvm.dll+0x249408]
V  [jvm.dll+0x5fc7f4]
V  [jvm.dll+0x5f13c5]
V  [jvm.dll+0x3076bb]
V  [jvm.dll+0x30762a]
V  [jvm.dll+0x307502]
V  [jvm.dll+0x30c575]
V  [jvm.dll+0x355567]
V  [jvm.dll+0x355c46]
V  [jvm.dll+0x355643]
V  [jvm.dll+0x2e2018]
V  [jvm.dll+0x2e31c7]
V  [jvm.dll+0x761f57]
V  [jvm.dll+0x76374c]
V  [jvm.dll+0x362ab9]
V  [jvm.dll+0x7455be]
V  [jvm.dll+0x3cb673]
V  [jvm.dll+0x3cda21]
C  [jli.dll+0x536b]
C  [ucrtbase.dll+0x293cc]
C  [KERNEL32.DLL+0x16ab0]
C  [ntdll.dll+0x51dbb]


---------------  P R O C E S S  ---------------

Threads class SMR info:
_java_thread_list=0x000002e9e82b39f0, length=0, elements={
}

Java Threads: ( => current thread )

Other Threads:
  0x000002e9ea5c0000 GCTaskThread "GC Thread#0" [stack: 0x000000f934800000,0x000000f934900000] [id=30728]
  0x000002e9ea61f800 ConcurrentGCThread "G1 Main Marker" [stack: 0x000000f934900000,0x000000f934a00000] [id=39236]
  0x000002e9ea621000 ConcurrentGCThread "G1 Conc#0" [stack: 0x000000f934a00000,0x000000f934b00000] [id=69944]

[error occurred during error reporting (printing all threads), id 0xc0000005, EXCEPTION_ACCESS_VIOLATION (0xc0000005) at pc=0x00007fff2aac27a7]

VM state:not at safepoint (not fully initialized)

VM Mutex/Monitor currently owned by a thread:  ([mutex/lock_event])
[0x000002e9ea5a38d0] Heap_lock - owner thread: 0x000002e9ea5a6800

Heap address: 0x0000000700e00000, size: 4082 MB, Compressed Oops mode: Non-zero based: 0x0000000700e00000
Narrow klass base: 0x0000000000000000, Narrow klass shift: 0

GC Heap History (0 events):
No events

Deoptimization events (0 events):
No events

Classes redefined (0 events):
No events

Internal exceptions (0 events):
No events

Events (1 events):
Event: 0.013 Loaded shared library C:\Users\Kroko\AppData\Local\JetBrains\Toolbox\apps\IDEA-U\ch-0\212.5457.46\jbr\bin\zip.dll


Dynamic libraries:
0x00007ff6d7c10000 - 0x00007ff6d7c1a000 	C:\Users\Kroko\AppData\Local\JetBrains\Toolbox\apps\IDEA-U\ch-0\212.5457.46\jbr\bin\java.exe
0x00007fff95b20000 - 0x00007fff95d2f000 	C:\WINDOWS\SYSTEM32\ntdll.dll
0x00007fff94150000 - 0x00007fff9420d000 	C:\WINDOWS\System32\KERNEL32.DLL
0x00007fff93510000 - 0x00007fff9389c000 	C:\WINDOWS\System32\KERNELBASE.dll
0x00007fff933f0000 - 0x00007fff93501000 	C:\WINDOWS\System32\ucrtbase.dll
0x00007fff6c260000 - 0x00007fff6c279000 	C:\Users\Kroko\AppData\Local\JetBrains\Toolbox\apps\IDEA-U\ch-0\212.5457.46\jbr\bin\jli.dll
0x00007fff6c4a0000 - 0x00007fff6c4b7000 	C:\Users\Kroko\AppData\Local\JetBrains\Toolbox\apps\IDEA-U\ch-0\212.5457.46\jbr\bin\VCRUNTIME140.dll
0x00007fff947f0000 - 0x00007fff94996000 	C:\WINDOWS\System32\USER32.dll
0x00007fff81640000 - 0x00007fff818e1000 	C:\WINDOWS\WinSxS\amd64_microsoft.windows.common-controls_6595b64144ccf1df_6.0.22489.1000_none_26b04fb444140a2e\COMCTL32.dll
0x00007fff92ff0000 - 0x00007fff93016000 	C:\WINDOWS\System32\win32u.dll
0x00007fff94aa0000 - 0x00007fff94b44000 	C:\WINDOWS\System32\msvcrt.dll
0x00007fff95880000 - 0x00007fff958a9000 	C:\WINDOWS\System32\GDI32.dll
0x00007fff93020000 - 0x00007fff93137000 	C:\WINDOWS\System32\gdi32full.dll
0x00007fff938a0000 - 0x00007fff9393a000 	C:\WINDOWS\System32\msvcp_win.dll
0x00007fff943d0000 - 0x00007fff94401000 	C:\WINDOWS\System32\IMM32.DLL
0x00007fff53e50000 - 0x00007fff53eed000 	C:\Users\Kroko\AppData\Local\JetBrains\Toolbox\apps\IDEA-U\ch-0\212.5457.46\jbr\bin\msvcp140.dll
0x00007fff2a7d0000 - 0x00007fff2b328000 	C:\Users\Kroko\AppData\Local\JetBrains\Toolbox\apps\IDEA-U\ch-0\212.5457.46\jbr\bin\server\jvm.dll
0x00007fff958b0000 - 0x00007fff9595e000 	C:\WINDOWS\System32\ADVAPI32.dll
0x00007fff95960000 - 0x00007fff95a01000 	C:\WINDOWS\System32\sechost.dll
0x00007fff95760000 - 0x00007fff9587f000 	C:\WINDOWS\System32\RPCRT4.dll
0x00007fff949a0000 - 0x00007fff949a8000 	C:\WINDOWS\System32\PSAPI.DLL
0x00007fff8d7d0000 - 0x00007fff8d7da000 	C:\WINDOWS\SYSTEM32\VERSION.dll
0x00007fff8b990000 - 0x00007fff8b999000 	C:\WINDOWS\SYSTEM32\WSOCK32.dll
0x00007fff8c450000 - 0x00007fff8c484000 	C:\WINDOWS\SYSTEM32\WINMM.dll
0x00007fff94620000 - 0x00007fff94691000 	C:\WINDOWS\System32\WS2_32.dll
0x00007fff920d0000 - 0x00007fff920e8000 	C:\WINDOWS\SYSTEM32\kernel.appcore.dll
0x00007fff77090000 - 0x00007fff770a1000 	C:\Users\Kroko\AppData\Local\JetBrains\Toolbox\apps\IDEA-U\ch-0\212.5457.46\jbr\bin\verify.dll
0x00007fff7ccc0000 - 0x00007fff7cee6000 	C:\WINDOWS\SYSTEM32\DBGHELP.DLL
0x00007fff94bf0000 - 0x00007fff94f6b000 	C:\WINDOWS\System32\combase.dll
0x00007fff7a390000 - 0x00007fff7a3c1000 	C:\WINDOWS\SYSTEM32\dbgcore.DLL
0x00007fff932a0000 - 0x00007fff93321000 	C:\WINDOWS\System32\bcryptPrimitives.dll
0x00007fff77000000 - 0x00007fff77029000 	C:\Users\Kroko\AppData\Local\JetBrains\Toolbox\apps\IDEA-U\ch-0\212.5457.46\jbr\bin\java.dll
0x00007fff8d850000 - 0x00007fff8d85b000 	C:\Users\Kroko\AppData\Local\JetBrains\Toolbox\apps\IDEA-U\ch-0\212.5457.46\jbr\bin\jimage.dll
0x00007fff75150000 - 0x00007fff75168000 	C:\Users\Kroko\AppData\Local\JetBrains\Toolbox\apps\IDEA-U\ch-0\212.5457.46\jbr\bin\zip.dll

dbghelp: loaded successfully - version: 4.0.5 - missing functions: none
symbol engine: initialized successfully - sym options: 0x614 - pdb path: .;C:\Users\Kroko\AppData\Local\JetBrains\Toolbox\apps\IDEA-U\ch-0\212.5457.46\jbr\bin;C:\WINDOWS\SYSTEM32;C:\WINDOWS\WinSxS\amd64_microsoft.windows.common-controls_6595b64144ccf1df_6.0.22489.1000_none_26b04fb444140a2e;C:\Users\Kroko\AppData\Local\JetBrains\Toolbox\apps\IDEA-U\ch-0\212.5457.46\jbr\bin\server

VM Arguments:
java_command: git4idea.http.GitAskPassApp Username for 'https://github.com': 
java_class_path (initial): C:/Users/Kroko/AppData/Local/JetBrains/Toolbox/apps/IDEA-U/ch-0/212.5457.46/plugins/git4idea/lib/git4idea-rt.jar;C:/Users/Kroko/AppData/Local/JetBrains/Toolbox/apps/IDEA-U/ch-0/212.5457.46/lib/3rd-party.jar
Launcher Type: SUN_STANDARD

[Global flags]
     intx CICompilerCount                          = 12                                        {product} {ergonomic}
     uint ConcGCThreads                            = 3                                         {product} {ergonomic}
     uint G1ConcRefinementThreads                  = 13                                        {product} {ergonomic}
   size_t G1HeapRegionSize                         = 1048576                                   {product} {ergonomic}
    uintx GCDrainStackTargetSize                   = 64                                        {product} {ergonomic}
   size_t InitialHeapSize                          = 268435456                                 {product} {ergonomic}
   size_t MarkStackSize                            = 4194304                                   {product} {ergonomic}
   size_t MaxHeapSize                              = 4280287232                                {product} {ergonomic}
   size_t MinHeapDeltaBytes                        = 1048576                                   {product} {ergonomic}
    uintx NonNMethodCodeHeapSize                   = 7594288                                {pd product} {ergonomic}
    uintx NonProfiledCodeHeapSize                  = 122031976                              {pd product} {ergonomic}
    uintx ProfiledCodeHeapSize                     = 122031976                              {pd product} {ergonomic}
    uintx ReservedCodeCacheSize                    = 251658240                              {pd product} {ergonomic}
     bool SegmentedCodeCache                       = true                                      {product} {ergonomic}
     bool UseCompressedClassPointers               = true                                 {lp64_product} {ergonomic}
     bool UseCompressedOops                        = true                                 {lp64_product} {ergonomic}
     bool UseG1GC                                  = true                                      {product} {ergonomic}
     bool UseLargePagesIndividualAllocation        = false                                  {pd product} {ergonomic}

Logging:
Log output configuration:
 #0: stdout all=warning uptime,level,tags
 #1: stderr all=off uptime,level,tags

Environment Variables:
JAVA_HOME=C:\Program Files\Java\jdk1.8.0_291
PATH=C:\Program Files\Git\mingw64\libexec\git-core;C:\Program Files\Git\mingw64\libexec\git-core;C:\Program Files\Git\mingw64\bin;C:\Program Files\Git\usr\bin;C:\Users\Kroko\bin;C:\Program Files\Common Files\Oracle\Java\javapath;D:\Programs\32x\VMware\VMware Player\bin;C:\Program Files\Java\jdk1.8.0_281\bin;C:\Program Files\Oculus\Support\oculus-runtime;C:\Windows\system32;C:\Windows;C:\Windows\System32\Wbem;C:\Windows\System32\WindowsPowerShell\v1.0;C:\Windows\System32\OpenSSH;C:\Program Files\NVIDIA Corporation\NVIDIA NvDLISR;C:\Program Files (x86)\NVIDIA Corporation\PhysX\Common;C:\Program Files\dotnet;C:\Program Files\Git\cmd;C:\Program Files\Go\bin;C:\Program Files\nodejs;C:\Program Files\PuTTY;C:\Program Files (x86)\FFMPEG;C:\WINDOWS\system32;C:\WINDOWS;C:\WINDOWS\System32\Wbem;C:\WINDOWS\System32\WindowsPowerShell\v1.0;C:\WINDOWS\System32\OpenSSH;C:\Users\Kroko\.cargo\bin;C:\Users\Kroko\AppData\Local\Microsoft\WindowsApps;C:\Users\Kroko\.dotnet\tools;C:\Users\Kroko\go\bin;C:\Users\Kroko\AppData\Roaming\npm;C:\Program Files\Bandizip
USERNAME=Kroko
DISPLAY=:0.0
LC_ALL=en_US.UTF-8
OS=Windows_NT
PROCESSOR_IDENTIFIER=AMD64 Family 23 Model 8 Stepping 2, AuthenticAMD



---------------  S Y S T E M  ---------------

OS: Windows 10 , 64 bit Build 22489 (10.0.22489.1000)
OS uptime: 2 days 8:46 hours

CPU:total 16 (initial active 16) (16 cores per cpu, 2 threads per core) family 23 model 8 stepping 2 microcode 0x0, cmov, cx8, fxsr, mmx, sse, sse2, sse3, ssse3, sse4.1, sse4.2, popcnt, avx, avx2, aes, clmul, mmxext, 3dnowpref, lzcnt, sse4a, ht, tsc, tscinvbit, tscinv, bmi1, bmi2, adx, sha, fma

Memory: 4k page, system-wide physical 16325M (415M free)
TotalPageFile size 65477M (AvailPageFile size 1M)
current process WorkingSet (physical memory assigned to process): 15M, peak: 15M
current process commit charge ("private bytes"): 335M, peak: 335M

vm_info: OpenJDK 64-Bit Server VM (11.0.12+7-b1504.40) for windows-amd64 JRE (11.0.12+7-b1504.40), built on Sep 23 2021 14:38:03 by "" with MS VC++ 14.0 (VS2015)

END.
